[2026-03-25T17:05:37.759+0000] {manager.py:483} INFO - Processing files using up to 2 processes at a time 
[2026-03-25T17:05:37.759+0000] {manager.py:484} INFO - Process each file at most once every 30 seconds
[2026-03-25T17:05:37.760+0000] {manager.py:485} INFO - Checking for new files in /opt/airflow/dags every 300 seconds
[2026-03-25T17:05:37.760+0000] {manager.py:821} INFO - Searching for files in /opt/airflow/dags
[2026-03-25T17:05:37.762+0000] {manager.py:824} INFO - There are 1 files in /opt/airflow/dags
[2026-03-25T17:05:37.785+0000] {manager.py:997} INFO - 
================================================================================
DAG File Processing Stats

File Path                                  PID  Runtime      # DAGs    # Errors  Last Runtime    Last Run      Last # of DB Queries
---------------------------------------  -----  ---------  --------  ----------  --------------  ----------  ----------------------
/opt/airflow/dags/student_scores_dag.py    169  0.01s             0           0                                                   0
================================================================================
[2026-03-25T17:06:08.020+0000] {manager.py:997} INFO - 
================================================================================
DAG File Processing Stats

File Path                                  PID  Runtime      # DAGs    # Errors  Last Runtime    Last Run               Last # of DB Queries
---------------------------------------  -----  ---------  --------  ----------  --------------  -------------------  ----------------------
/opt/airflow/dags/student_scores_dag.py    174  0.01s             1           0  0.21s           2026-03-25T17:05:37                      45
================================================================================
[2026-03-25T17:06:38.323+0000] {manager.py:997} INFO - 
================================================================================
DAG File Processing Stats

File Path                                  PID  Runtime      # DAGs    # Errors  Last Runtime    Last Run               Last # of DB Queries
---------------------------------------  -----  ---------  --------  ----------  --------------  -------------------  ----------------------
/opt/airflow/dags/student_scores_dag.py    209  0.01s             1           0  0.07s           2026-03-25T17:06:08                      12
================================================================================
[2026-03-25T17:07:08.613+0000] {manager.py:997} INFO - 
================================================================================
DAG File Processing Stats

File Path                                  PID  Runtime      # DAGs    # Errors  Last Runtime    Last Run               Last # of DB Queries
---------------------------------------  -----  ---------  --------  ----------  --------------  -------------------  ----------------------
/opt/airflow/dags/student_scores_dag.py    229  0.01s             1           0  0.07s           2026-03-25T17:06:38                      12
================================================================================
[2026-03-25T17:07:38.908+0000] {manager.py:997} INFO - 
================================================================================
DAG File Processing Stats

File Path                                  PID  Runtime      # DAGs    # Errors  Last Runtime    Last Run               Last # of DB Queries
---------------------------------------  -----  ---------  --------  ----------  --------------  -------------------  ----------------------
/opt/airflow/dags/student_scores_dag.py    234  0.00s             1           0  0.08s           2026-03-25T17:07:08                      12
================================================================================
[2026-03-25T17:08:09.192+0000] {manager.py:997} INFO - 
================================================================================
DAG File Processing Stats

File Path                                  PID  Runtime      # DAGs    # Errors  Last Runtime    Last Run               Last # of DB Queries
---------------------------------------  -----  ---------  --------  ----------  --------------  -------------------  ----------------------
/opt/airflow/dags/student_scores_dag.py    254  0.01s             1           0  0.09s           2026-03-25T17:07:38                      12
================================================================================
[2026-03-25T17:08:39.459+0000] {manager.py:997} INFO - 
================================================================================
DAG File Processing Stats

File Path                                  PID  Runtime      # DAGs    # Errors  Last Runtime    Last Run               Last # of DB Queries
---------------------------------------  -----  ---------  --------  ----------  --------------  -------------------  ----------------------
/opt/airflow/dags/student_scores_dag.py    259  0.00s             1           0  0.08s           2026-03-25T17:08:09                      12
================================================================================
[2026-03-25T17:09:09.783+0000] {manager.py:997} INFO - 
================================================================================
DAG File Processing Stats

File Path                                  PID  Runtime      # DAGs    # Errors  Last Runtime    Last Run               Last # of DB Queries
---------------------------------------  -----  ---------  --------  ----------  --------------  -------------------  ----------------------
/opt/airflow/dags/student_scores_dag.py    264  0.01s             1           0  0.06s           2026-03-25T17:08:39                      12
================================================================================
[2026-03-25T17:09:40.081+0000] {manager.py:997} INFO - 
================================================================================
DAG File Processing Stats

File Path                                  PID  Runtime      # DAGs    # Errors  Last Runtime    Last Run               Last # of DB Queries
---------------------------------------  -----  ---------  --------  ----------  --------------  -------------------  ----------------------
/opt/airflow/dags/student_scores_dag.py    269  0.01s             1           0  0.07s           2026-03-25T17:09:09                      12
================================================================================
[2026-03-25T17:10:10.428+0000] {manager.py:997} INFO - 
================================================================================
DAG File Processing Stats

File Path                                  PID  Runtime      # DAGs    # Errors  Last Runtime    Last Run               Last # of DB Queries
---------------------------------------  -----  ---------  --------  ----------  --------------  -------------------  ----------------------
/opt/airflow/dags/student_scores_dag.py    274  0.01s             1           0  0.06s           2026-03-25T17:09:40                      12
================================================================================
[2026-03-25T17:10:38.676+0000] {manager.py:821} INFO - Searching for files in /opt/airflow/dags
[2026-03-25T17:10:38.683+0000] {manager.py:824} INFO - There are 1 files in /opt/airflow/dags
[2026-03-25T17:10:40.722+0000] {manager.py:997} INFO - 
================================================================================
DAG File Processing Stats

File Path                                  PID  Runtime      # DAGs    # Errors  Last Runtime    Last Run               Last # of DB Queries
---------------------------------------  -----  ---------  --------  ----------  --------------  -------------------  ----------------------
/opt/airflow/dags/student_scores_dag.py    279  0.00s             1           0  0.08s           2026-03-25T17:10:10                      12
================================================================================
[2026-03-25T17:11:10.998+0000] {manager.py:997} INFO - 
================================================================================
DAG File Processing Stats

File Path                                  PID  Runtime      # DAGs    # Errors  Last Runtime    Last Run               Last # of DB Queries
---------------------------------------  -----  ---------  --------  ----------  --------------  -------------------  ----------------------
/opt/airflow/dags/student_scores_dag.py    284  0.00s             1           0  0.07s           2026-03-25T17:10:40                      12
================================================================================
[2026-03-25T17:11:41.279+0000] {manager.py:997} INFO - 
================================================================================
DAG File Processing Stats

File Path                                  PID  Runtime      # DAGs    # Errors  Last Runtime    Last Run               Last # of DB Queries
---------------------------------------  -----  ---------  --------  ----------  --------------  -------------------  ----------------------
/opt/airflow/dags/student_scores_dag.py    289  0.01s             1           0  0.07s           2026-03-25T17:11:11                      12
================================================================================
[2026-03-25T17:12:11.557+0000] {manager.py:997} INFO - 
================================================================================
DAG File Processing Stats

File Path                                  PID  Runtime      # DAGs    # Errors  Last Runtime    Last Run               Last # of DB Queries
---------------------------------------  -----  ---------  --------  ----------  --------------  -------------------  ----------------------
/opt/airflow/dags/student_scores_dag.py    294  0.00s             1           0  0.07s           2026-03-25T17:11:41                      12
================================================================================
[2026-03-25T17:12:41.844+0000] {manager.py:997} INFO - 
================================================================================
DAG File Processing Stats

File Path                                  PID  Runtime      # DAGs    # Errors  Last Runtime    Last Run               Last # of DB Queries
---------------------------------------  -----  ---------  --------  ----------  --------------  -------------------  ----------------------
/opt/airflow/dags/student_scores_dag.py    299  0.00s             1           0  0.06s           2026-03-25T17:12:11                      12
================================================================================
