[2026-03-25T17:05:37.782+0000] {processor.py:186} INFO - Started process (PID=169) to work on /opt/airflow/dags/student_scores_dag.py
[2026-03-25T17:05:37.783+0000] {processor.py:914} INFO - Processing file /opt/airflow/dags/student_scores_dag.py for tasks to queue
[2026-03-25T17:05:37.786+0000] {logging_mixin.py:190} INFO - [2026-03-25T17:05:37.785+0000] {dagbag.py:588} INFO - Filling up the DagBag from /opt/airflow/dags/student_scores_dag.py
[2026-03-25T17:05:37.802+0000] {processor.py:925} INFO - DAG(s) 'student_scores_pipeline' retrieved from /opt/airflow/dags/student_scores_dag.py
[2026-03-25T17:05:37.959+0000] {logging_mixin.py:190} INFO - [2026-03-25T17:05:37.959+0000] {override.py:1912} INFO - Created Permission View: can edit on DAG:student_scores_pipeline
[2026-03-25T17:05:37.961+0000] {logging_mixin.py:190} INFO - [2026-03-25T17:05:37.961+0000] {override.py:1912} INFO - Created Permission View: can delete on DAG:student_scores_pipeline
[2026-03-25T17:05:37.963+0000] {logging_mixin.py:190} INFO - [2026-03-25T17:05:37.963+0000] {override.py:1912} INFO - Created Permission View: can read on DAG:student_scores_pipeline
[2026-03-25T17:05:37.964+0000] {logging_mixin.py:190} INFO - [2026-03-25T17:05:37.964+0000] {override.py:1912} INFO - Created Permission View: menu access on DAG Run:student_scores_pipeline
[2026-03-25T17:05:37.965+0000] {logging_mixin.py:190} INFO - [2026-03-25T17:05:37.965+0000] {override.py:1912} INFO - Created Permission View: can delete on DAG Run:student_scores_pipeline
[2026-03-25T17:05:37.967+0000] {logging_mixin.py:190} INFO - [2026-03-25T17:05:37.967+0000] {override.py:1912} INFO - Created Permission View: can create on DAG Run:student_scores_pipeline
[2026-03-25T17:05:37.968+0000] {logging_mixin.py:190} INFO - [2026-03-25T17:05:37.968+0000] {override.py:1912} INFO - Created Permission View: can read on DAG Run:student_scores_pipeline
[2026-03-25T17:05:37.968+0000] {logging_mixin.py:190} INFO - [2026-03-25T17:05:37.968+0000] {dag.py:3239} INFO - Sync 1 DAGs
[2026-03-25T17:05:37.972+0000] {logging_mixin.py:190} INFO - [2026-03-25T17:05:37.972+0000] {dag.py:3262} INFO - Creating ORM DAG for student_scores_pipeline
[2026-03-25T17:05:37.975+0000] {logging_mixin.py:190} INFO - [2026-03-25T17:05:37.975+0000] {dag.py:4180} INFO - Setting next_dagrun for student_scores_pipeline to 2026-03-24 00:00:00+00:00, run_after=2026-03-25 00:00:00+00:00
[2026-03-25T17:05:37.981+0000] {processor.py:208} INFO - Processing /opt/airflow/dags/student_scores_dag.py took 0.202 seconds
[2026-03-25T17:06:08.029+0000] {processor.py:186} INFO - Started process (PID=174) to work on /opt/airflow/dags/student_scores_dag.py
[2026-03-25T17:06:08.030+0000] {processor.py:914} INFO - Processing file /opt/airflow/dags/student_scores_dag.py for tasks to queue
[2026-03-25T17:06:08.031+0000] {logging_mixin.py:190} INFO - [2026-03-25T17:06:08.031+0000] {dagbag.py:588} INFO - Filling up the DagBag from /opt/airflow/dags/student_scores_dag.py
[2026-03-25T17:06:08.043+0000] {processor.py:925} INFO - DAG(s) 'student_scores_pipeline' retrieved from /opt/airflow/dags/student_scores_dag.py
[2026-03-25T17:06:08.057+0000] {logging_mixin.py:190} INFO - [2026-03-25T17:06:08.057+0000] {dag.py:3239} INFO - Sync 1 DAGs
[2026-03-25T17:06:08.067+0000] {logging_mixin.py:190} INFO - [2026-03-25T17:06:08.067+0000] {dag.py:4180} INFO - Setting next_dagrun for student_scores_pipeline to 2026-03-24 00:00:00+00:00, run_after=2026-03-25 00:00:00+00:00
[2026-03-25T17:06:08.073+0000] {processor.py:208} INFO - Processing /opt/airflow/dags/student_scores_dag.py took 0.048 seconds
[2026-03-25T17:06:38.334+0000] {processor.py:186} INFO - Started process (PID=209) to work on /opt/airflow/dags/student_scores_dag.py
[2026-03-25T17:06:38.335+0000] {processor.py:914} INFO - Processing file /opt/airflow/dags/student_scores_dag.py for tasks to queue
[2026-03-25T17:06:38.337+0000] {logging_mixin.py:190} INFO - [2026-03-25T17:06:38.337+0000] {dagbag.py:588} INFO - Filling up the DagBag from /opt/airflow/dags/student_scores_dag.py
[2026-03-25T17:06:38.349+0000] {processor.py:925} INFO - DAG(s) 'student_scores_pipeline' retrieved from /opt/airflow/dags/student_scores_dag.py
[2026-03-25T17:06:38.364+0000] {logging_mixin.py:190} INFO - [2026-03-25T17:06:38.364+0000] {dag.py:3239} INFO - Sync 1 DAGs
[2026-03-25T17:06:38.373+0000] {logging_mixin.py:190} INFO - [2026-03-25T17:06:38.373+0000] {dag.py:4180} INFO - Setting next_dagrun for student_scores_pipeline to 2026-03-25 00:00:00+00:00, run_after=2026-03-26 00:00:00+00:00
[2026-03-25T17:06:38.380+0000] {processor.py:208} INFO - Processing /opt/airflow/dags/student_scores_dag.py took 0.051 seconds
[2026-03-25T17:07:08.626+0000] {processor.py:186} INFO - Started process (PID=229) to work on /opt/airflow/dags/student_scores_dag.py
[2026-03-25T17:07:08.627+0000] {processor.py:914} INFO - Processing file /opt/airflow/dags/student_scores_dag.py for tasks to queue
[2026-03-25T17:07:08.629+0000] {logging_mixin.py:190} INFO - [2026-03-25T17:07:08.629+0000] {dagbag.py:588} INFO - Filling up the DagBag from /opt/airflow/dags/student_scores_dag.py
[2026-03-25T17:07:08.644+0000] {processor.py:925} INFO - DAG(s) 'student_scores_pipeline' retrieved from /opt/airflow/dags/student_scores_dag.py
[2026-03-25T17:07:08.660+0000] {logging_mixin.py:190} INFO - [2026-03-25T17:07:08.660+0000] {dag.py:3239} INFO - Sync 1 DAGs
[2026-03-25T17:07:08.671+0000] {logging_mixin.py:190} INFO - [2026-03-25T17:07:08.671+0000] {dag.py:4180} INFO - Setting next_dagrun for student_scores_pipeline to 2026-03-25 00:00:00+00:00, run_after=2026-03-26 00:00:00+00:00
[2026-03-25T17:07:08.677+0000] {processor.py:208} INFO - Processing /opt/airflow/dags/student_scores_dag.py took 0.057 seconds
[2026-03-25T17:07:38.919+0000] {processor.py:186} INFO - Started process (PID=234) to work on /opt/airflow/dags/student_scores_dag.py
[2026-03-25T17:07:38.921+0000] {processor.py:914} INFO - Processing file /opt/airflow/dags/student_scores_dag.py for tasks to queue
[2026-03-25T17:07:38.929+0000] {logging_mixin.py:190} INFO - [2026-03-25T17:07:38.928+0000] {dagbag.py:588} INFO - Filling up the DagBag from /opt/airflow/dags/student_scores_dag.py
[2026-03-25T17:07:38.942+0000] {processor.py:925} INFO - DAG(s) 'student_scores_pipeline' retrieved from /opt/airflow/dags/student_scores_dag.py
[2026-03-25T17:07:38.962+0000] {logging_mixin.py:190} INFO - [2026-03-25T17:07:38.962+0000] {dag.py:3239} INFO - Sync 1 DAGs
[2026-03-25T17:07:38.980+0000] {logging_mixin.py:190} INFO - [2026-03-25T17:07:38.980+0000] {dag.py:4180} INFO - Setting next_dagrun for student_scores_pipeline to 2026-03-25 00:00:00+00:00, run_after=2026-03-26 00:00:00+00:00
[2026-03-25T17:07:38.993+0000] {processor.py:208} INFO - Processing /opt/airflow/dags/student_scores_dag.py took 0.079 seconds
[2026-03-25T17:08:09.202+0000] {processor.py:186} INFO - Started process (PID=254) to work on /opt/airflow/dags/student_scores_dag.py
[2026-03-25T17:08:09.203+0000] {processor.py:914} INFO - Processing file /opt/airflow/dags/student_scores_dag.py for tasks to queue
[2026-03-25T17:08:09.204+0000] {logging_mixin.py:190} INFO - [2026-03-25T17:08:09.204+0000] {dagbag.py:588} INFO - Filling up the DagBag from /opt/airflow/dags/student_scores_dag.py
[2026-03-25T17:08:09.215+0000] {processor.py:925} INFO - DAG(s) 'student_scores_pipeline' retrieved from /opt/airflow/dags/student_scores_dag.py
[2026-03-25T17:08:09.231+0000] {logging_mixin.py:190} INFO - [2026-03-25T17:08:09.231+0000] {dag.py:3239} INFO - Sync 1 DAGs
[2026-03-25T17:08:09.244+0000] {logging_mixin.py:190} INFO - [2026-03-25T17:08:09.244+0000] {dag.py:4180} INFO - Setting next_dagrun for student_scores_pipeline to 2026-03-25 00:00:00+00:00, run_after=2026-03-26 00:00:00+00:00
[2026-03-25T17:08:09.254+0000] {processor.py:208} INFO - Processing /opt/airflow/dags/student_scores_dag.py took 0.056 seconds
[2026-03-25T17:08:39.469+0000] {processor.py:186} INFO - Started process (PID=259) to work on /opt/airflow/dags/student_scores_dag.py
[2026-03-25T17:08:39.469+0000] {processor.py:914} INFO - Processing file /opt/airflow/dags/student_scores_dag.py for tasks to queue
[2026-03-25T17:08:39.470+0000] {logging_mixin.py:190} INFO - [2026-03-25T17:08:39.470+0000] {dagbag.py:588} INFO - Filling up the DagBag from /opt/airflow/dags/student_scores_dag.py
[2026-03-25T17:08:39.480+0000] {processor.py:925} INFO - DAG(s) 'student_scores_pipeline' retrieved from /opt/airflow/dags/student_scores_dag.py
[2026-03-25T17:08:39.495+0000] {logging_mixin.py:190} INFO - [2026-03-25T17:08:39.495+0000] {dag.py:3239} INFO - Sync 1 DAGs
[2026-03-25T17:08:39.507+0000] {logging_mixin.py:190} INFO - [2026-03-25T17:08:39.507+0000] {dag.py:4180} INFO - Setting next_dagrun for student_scores_pipeline to 2026-03-25 00:00:00+00:00, run_after=2026-03-26 00:00:00+00:00
[2026-03-25T17:08:39.515+0000] {processor.py:208} INFO - Processing /opt/airflow/dags/student_scores_dag.py took 0.051 seconds
[2026-03-25T17:09:09.796+0000] {processor.py:186} INFO - Started process (PID=264) to work on /opt/airflow/dags/student_scores_dag.py
[2026-03-25T17:09:09.797+0000] {processor.py:914} INFO - Processing file /opt/airflow/dags/student_scores_dag.py for tasks to queue
[2026-03-25T17:09:09.798+0000] {logging_mixin.py:190} INFO - [2026-03-25T17:09:09.798+0000] {dagbag.py:588} INFO - Filling up the DagBag from /opt/airflow/dags/student_scores_dag.py
[2026-03-25T17:09:09.809+0000] {processor.py:925} INFO - DAG(s) 'student_scores_pipeline' retrieved from /opt/airflow/dags/student_scores_dag.py
[2026-03-25T17:09:09.825+0000] {logging_mixin.py:190} INFO - [2026-03-25T17:09:09.825+0000] {dag.py:3239} INFO - Sync 1 DAGs
[2026-03-25T17:09:09.834+0000] {logging_mixin.py:190} INFO - [2026-03-25T17:09:09.834+0000] {dag.py:4180} INFO - Setting next_dagrun for student_scores_pipeline to 2026-03-25 00:00:00+00:00, run_after=2026-03-26 00:00:00+00:00
[2026-03-25T17:09:09.840+0000] {processor.py:208} INFO - Processing /opt/airflow/dags/student_scores_dag.py took 0.049 seconds
[2026-03-25T17:09:40.095+0000] {processor.py:186} INFO - Started process (PID=269) to work on /opt/airflow/dags/student_scores_dag.py
[2026-03-25T17:09:40.095+0000] {processor.py:914} INFO - Processing file /opt/airflow/dags/student_scores_dag.py for tasks to queue
[2026-03-25T17:09:40.097+0000] {logging_mixin.py:190} INFO - [2026-03-25T17:09:40.097+0000] {dagbag.py:588} INFO - Filling up the DagBag from /opt/airflow/dags/student_scores_dag.py
[2026-03-25T17:09:40.107+0000] {processor.py:925} INFO - DAG(s) 'student_scores_pipeline' retrieved from /opt/airflow/dags/student_scores_dag.py
[2026-03-25T17:09:40.121+0000] {logging_mixin.py:190} INFO - [2026-03-25T17:09:40.121+0000] {dag.py:3239} INFO - Sync 1 DAGs
[2026-03-25T17:09:40.130+0000] {logging_mixin.py:190} INFO - [2026-03-25T17:09:40.130+0000] {dag.py:4180} INFO - Setting next_dagrun for student_scores_pipeline to 2026-03-25 00:00:00+00:00, run_after=2026-03-26 00:00:00+00:00
[2026-03-25T17:09:40.136+0000] {processor.py:208} INFO - Processing /opt/airflow/dags/student_scores_dag.py took 0.045 seconds
[2026-03-25T17:10:10.443+0000] {processor.py:186} INFO - Started process (PID=274) to work on /opt/airflow/dags/student_scores_dag.py
[2026-03-25T17:10:10.444+0000] {processor.py:914} INFO - Processing file /opt/airflow/dags/student_scores_dag.py for tasks to queue
[2026-03-25T17:10:10.445+0000] {logging_mixin.py:190} INFO - [2026-03-25T17:10:10.445+0000] {dagbag.py:588} INFO - Filling up the DagBag from /opt/airflow/dags/student_scores_dag.py
[2026-03-25T17:10:10.460+0000] {processor.py:925} INFO - DAG(s) 'student_scores_pipeline' retrieved from /opt/airflow/dags/student_scores_dag.py
[2026-03-25T17:10:10.475+0000] {logging_mixin.py:190} INFO - [2026-03-25T17:10:10.475+0000] {dag.py:3239} INFO - Sync 1 DAGs
[2026-03-25T17:10:10.485+0000] {logging_mixin.py:190} INFO - [2026-03-25T17:10:10.485+0000] {dag.py:4180} INFO - Setting next_dagrun for student_scores_pipeline to 2026-03-25 00:00:00+00:00, run_after=2026-03-26 00:00:00+00:00
[2026-03-25T17:10:10.492+0000] {processor.py:208} INFO - Processing /opt/airflow/dags/student_scores_dag.py took 0.055 seconds
[2026-03-25T17:10:40.732+0000] {processor.py:186} INFO - Started process (PID=279) to work on /opt/airflow/dags/student_scores_dag.py
[2026-03-25T17:10:40.733+0000] {processor.py:914} INFO - Processing file /opt/airflow/dags/student_scores_dag.py for tasks to queue
[2026-03-25T17:10:40.734+0000] {logging_mixin.py:190} INFO - [2026-03-25T17:10:40.734+0000] {dagbag.py:588} INFO - Filling up the DagBag from /opt/airflow/dags/student_scores_dag.py
[2026-03-25T17:10:40.746+0000] {processor.py:925} INFO - DAG(s) 'student_scores_pipeline' retrieved from /opt/airflow/dags/student_scores_dag.py
[2026-03-25T17:10:40.763+0000] {logging_mixin.py:190} INFO - [2026-03-25T17:10:40.762+0000] {dag.py:3239} INFO - Sync 1 DAGs
[2026-03-25T17:10:40.776+0000] {logging_mixin.py:190} INFO - [2026-03-25T17:10:40.776+0000] {dag.py:4180} INFO - Setting next_dagrun for student_scores_pipeline to 2026-03-25 00:00:00+00:00, run_after=2026-03-26 00:00:00+00:00
[2026-03-25T17:10:40.787+0000] {processor.py:208} INFO - Processing /opt/airflow/dags/student_scores_dag.py took 0.058 seconds
[2026-03-25T17:11:11.007+0000] {processor.py:186} INFO - Started process (PID=284) to work on /opt/airflow/dags/student_scores_dag.py
[2026-03-25T17:11:11.008+0000] {processor.py:914} INFO - Processing file /opt/airflow/dags/student_scores_dag.py for tasks to queue
[2026-03-25T17:11:11.009+0000] {logging_mixin.py:190} INFO - [2026-03-25T17:11:11.009+0000] {dagbag.py:588} INFO - Filling up the DagBag from /opt/airflow/dags/student_scores_dag.py
[2026-03-25T17:11:11.018+0000] {processor.py:925} INFO - DAG(s) 'student_scores_pipeline' retrieved from /opt/airflow/dags/student_scores_dag.py
[2026-03-25T17:11:11.033+0000] {logging_mixin.py:190} INFO - [2026-03-25T17:11:11.032+0000] {dag.py:3239} INFO - Sync 1 DAGs
[2026-03-25T17:11:11.046+0000] {logging_mixin.py:190} INFO - [2026-03-25T17:11:11.045+0000] {dag.py:4180} INFO - Setting next_dagrun for student_scores_pipeline to 2026-03-25 00:00:00+00:00, run_after=2026-03-26 00:00:00+00:00
[2026-03-25T17:11:11.056+0000] {processor.py:208} INFO - Processing /opt/airflow/dags/student_scores_dag.py took 0.053 seconds
[2026-03-25T17:11:41.286+0000] {processor.py:186} INFO - Started process (PID=289) to work on /opt/airflow/dags/student_scores_dag.py
[2026-03-25T17:11:41.287+0000] {processor.py:914} INFO - Processing file /opt/airflow/dags/student_scores_dag.py for tasks to queue
[2026-03-25T17:11:41.289+0000] {logging_mixin.py:190} INFO - [2026-03-25T17:11:41.288+0000] {dagbag.py:588} INFO - Filling up the DagBag from /opt/airflow/dags/student_scores_dag.py
[2026-03-25T17:11:41.300+0000] {processor.py:925} INFO - DAG(s) 'student_scores_pipeline' retrieved from /opt/airflow/dags/student_scores_dag.py
[2026-03-25T17:11:41.317+0000] {logging_mixin.py:190} INFO - [2026-03-25T17:11:41.317+0000] {dag.py:3239} INFO - Sync 1 DAGs
[2026-03-25T17:11:41.331+0000] {logging_mixin.py:190} INFO - [2026-03-25T17:11:41.331+0000] {dag.py:4180} INFO - Setting next_dagrun for student_scores_pipeline to 2026-03-25 00:00:00+00:00, run_after=2026-03-26 00:00:00+00:00
[2026-03-25T17:11:41.341+0000] {processor.py:208} INFO - Processing /opt/airflow/dags/student_scores_dag.py took 0.058 seconds
[2026-03-25T17:12:11.566+0000] {processor.py:186} INFO - Started process (PID=294) to work on /opt/airflow/dags/student_scores_dag.py
[2026-03-25T17:12:11.566+0000] {processor.py:914} INFO - Processing file /opt/airflow/dags/student_scores_dag.py for tasks to queue
[2026-03-25T17:12:11.568+0000] {logging_mixin.py:190} INFO - [2026-03-25T17:12:11.568+0000] {dagbag.py:588} INFO - Filling up the DagBag from /opt/airflow/dags/student_scores_dag.py
[2026-03-25T17:12:11.576+0000] {processor.py:925} INFO - DAG(s) 'student_scores_pipeline' retrieved from /opt/airflow/dags/student_scores_dag.py
[2026-03-25T17:12:11.589+0000] {logging_mixin.py:190} INFO - [2026-03-25T17:12:11.589+0000] {dag.py:3239} INFO - Sync 1 DAGs
[2026-03-25T17:12:11.603+0000] {logging_mixin.py:190} INFO - [2026-03-25T17:12:11.603+0000] {dag.py:4180} INFO - Setting next_dagrun for student_scores_pipeline to 2026-03-25 00:00:00+00:00, run_after=2026-03-26 00:00:00+00:00
[2026-03-25T17:12:11.612+0000] {processor.py:208} INFO - Processing /opt/airflow/dags/student_scores_dag.py took 0.051 seconds
[2026-03-25T17:12:41.852+0000] {processor.py:186} INFO - Started process (PID=299) to work on /opt/airflow/dags/student_scores_dag.py
[2026-03-25T17:12:41.853+0000] {processor.py:914} INFO - Processing file /opt/airflow/dags/student_scores_dag.py for tasks to queue
[2026-03-25T17:12:41.855+0000] {logging_mixin.py:190} INFO - [2026-03-25T17:12:41.855+0000] {dagbag.py:588} INFO - Filling up the DagBag from /opt/airflow/dags/student_scores_dag.py
[2026-03-25T17:12:41.866+0000] {processor.py:925} INFO - DAG(s) 'student_scores_pipeline' retrieved from /opt/airflow/dags/student_scores_dag.py
[2026-03-25T17:12:41.885+0000] {logging_mixin.py:190} INFO - [2026-03-25T17:12:41.885+0000] {dag.py:3239} INFO - Sync 1 DAGs
[2026-03-25T17:12:41.903+0000] {logging_mixin.py:190} INFO - [2026-03-25T17:12:41.903+0000] {dag.py:4180} INFO - Setting next_dagrun for student_scores_pipeline to 2026-03-25 00:00:00+00:00, run_after=2026-03-26 00:00:00+00:00
[2026-03-25T17:12:41.914+0000] {processor.py:208} INFO - Processing /opt/airflow/dags/student_scores_dag.py took 0.066 seconds
